<?xml version="1.0" encoding="UTF-8"?>
<!-- Generated by org.testng.reporters.JUnitReportReporter -->
<testsuite hostname="P4ALAP-GXF90G2" failures="0" tests="2" name="google.AppiumTest" time="0.000" errors="0" timestamp="2020-04-05T22:47:46 IST" skipped="0">
  <testcase classname="google.AppiumTest" name="NativeAndroidApps" time="0.000"/>
  <system-out/>
  <testcase classname="google.AppiumTest" name="iOSApps" time="0.000"/>
  <system-out/>
</testsuite> <!-- google.AppiumTest -->
