<?xml version="1.0" encoding="UTF-8"?>
<!-- Generated by org.testng.reporters.JUnitReportReporter -->
<testsuite hostname="P4ALAP-GXF90G2" failures="0" tests="2" name="google.SeleniumTest" time="0.001" errors="0" timestamp="2020-04-05T22:47:45 IST" skipped="0">
  <testcase classname="google.SeleniumTest" name="browserAutomation" time="0.001"/>
  <system-out/>
  <testcase classname="google.SeleniumTest" name="elementsUI" time="0.000"/>
  <system-out/>
</testsuite> <!-- google.SeleniumTest -->
